<RestClientRequest>
  <option name="biscuits">
    <list />
  </option>
  <option name="httpMethod" value="POST" />
  <option name="urlBase" value="http://localhost:8080" />
  <option name="urlPath" value="/games/51815bbb-2e0c-4328-b36c-e5256d83601b" />
  <option name="headers">
    <list>
      <KeyValuePair>
        <option name="key" value="Accept" />
        <option name="value" value="application/json" />
      </KeyValuePair>
      <KeyValuePair>
        <option name="key" value="Cache-Control" />
        <option name="value" value="no-cache" />
      </KeyValuePair>
      <KeyValuePair>
        <option name="key" value="Content-Type" />
        <option name="value" value="application/json;domain-model=CreateGameCommand" />
      </KeyValuePair>
    </list>
  </option>
  <option name="parameters">
    <list />
  </option>
  <option name="parametersEnabled" value="true" />
  <option name="haveTextToSend" value="true" />
  <option name="haveFileToSend" value="false" />
  <option name="isFileUpload" value="false" />
  <option name="textToSend" value="{ &quot;gameId&quot;: &quot;51815bbb-2e0c-4328-b36c-e5256d83601b&quot;, &quot;initialPot&quot;: &quot;10&quot;, &quot;createdBy&quot;: &quot;chris&quot; }" />
  <option name="filesToSend" value="" />
</RestClientRequest>